C51 COMPILER V9.51   MAIN                                                                  05/26/2013 18:35:24 PAGE 1   


C51 COMPILER V9.51, COMPILATION OF MODULE MAIN
OBJECT MODULE PLACED IN main.OBJ
COMPILER INVOKED BY: C:\Keil\C51\BIN\C51.exe ..\AT89C52\main.c ROM(SMALL) BROWSE DEBUG CODE OBJECTEXTEND PREPRINT OBJECT
                    -(main.OBJ)

line level    source

   1          #include <reg51.h>
   2          #include <stdio.h>
   3          #include <string.h>
   4          
   5          
   6          void upbit (unsigned char   led);
   7          void downbit (unsigned char   led);
   8          void delay (int del);
   9                  sbit sw0=P1^0;
  10                  sbit sw1=P1^1;
  11                  sbit sw2=P1^2;
  12                  sbit sw3=P1^3;
  13                  sbit sw4=P3^2;
  14                  sbit sw5=P3^3;
  15          void main (void)
  16          {
  17   1              unsigned char   led,a=0,b=0,c;
  18   1              unsigned char pattern1[12]={1,2,3,1,2,3,1,2,3,1,2,3};
  19   1              unsigned char pattern2[12];
  20   1       do{
  21   2              led = 0xf0;
  22   2              if(sw4==0)
  23   2              {
  24   3               a=0;
  25   3           for(b=0;b<12;b++)
  26   3               {
  27   4               if(pattern1[b]==1)
  28   4               {led=0xef;
  29   5                      P1=led; }
  30   4                       if(pattern1[b]==2)
  31   4               {led=0xdf;
  32   5                      P1=led; }
  33   4                       if(pattern1[b]==3)
  34   4               {led=0xbf;
  35   5                      P1=led; }
  36   4                       if(pattern1[b]==4)
  37   4               {led=0x7f;
  38   5                      P1=led; }
  39   4               delay(30000);
  40   4               }
  41   3               led=0xff;
  42   3               P1=led;
  43   3              }       
  44   2              if(sw5==0)
  45   2              {  
  46   3                      for(b=0;b<12;b++)
  47   3                      {pattern2[b]=0; }
  48   3              }
  49   2              
  50   2          if(sw0==0)
  51   2              {               
  52   3                      led=0xef;
  53   3                      P1=led;
  54   3                      pattern2[a]=1;a++;
C51 COMPILER V9.51   MAIN                                                                  05/26/2013 18:35:24 PAGE 2   

  55   3                      delay(30000);
  56   3                      while(sw0==0){}
  57   3              }        
  58   2                      
  59   2              if(sw1==0)
  60   2              {
  61   3                      led=0xdf;
  62   3                      P1=led;
  63   3                      pattern2[a]=2;a++;
  64   3                      delay(30000);
  65   3                      while(sw1==0){} 
  66   3                      }
  67   2                      
  68   2               if(sw2==0)
  69   2                      {
  70   3                        led=0xbf;
  71   3                      P1=led;
  72   3                      pattern2[a]=3;a++;
  73   3                      delay(30000);
  74   3                      while(sw2==0){}
  75   3                              }
  76   2               
  77   2                      
  78   2                if(sw3==0)
  79   2                {
  80   3                       led=0x7f;
  81   3                      P1=led;
  82   3                      pattern2[a]=4; a++;
  83   3                      delay(30000);
  84   3                      while(sw3==0){}  
  85   3                         }
  86   2              if(sw0==0|sw1==0|sw2==0|sw3==0)
  87   2              {
  88   3                      if(pattern1[a]==pattern2[a])       
  89   3              {
  90   4                      if(a=11);
*** WARNING C276 IN LINE 90 OF ..\AT89C52\main.c: constant in condition expression
  91   4                      {
  92   5                               led=0x0f;
  93   5                              P1=led;
  94   5                              delay(30000);
  95   5                              delay(30000);
  96   5                              delay(30000);
  97   5                              delay(30000);
  98   5                              delay(30000);
  99   5                              delay(30000);
 100   5                      }
 101   4                      
 102   4              }
 103   3              else
 104   3              for(b=0;b<4;b++)
 105   3                                 {
 106   4                       led=0x0f;
 107   4                      P1=led;
 108   4                      delay(30000);
 109   4                      led=0xff;
 110   4                      P1=led;
 111   4                      delay(30000);
 112   4                      a=0;       
 113   4                         }
 114   3                 }     
 115   2                         
C51 COMPILER V9.51   MAIN                                                                  05/26/2013 18:35:24 PAGE 3   

 116   2       }while(1);             
 117   1      }
*** WARNING C280 IN LINE 17 OF ..\AT89C52\main.c: 'c': unreferenced local variable
 118                                  
 119          
 120          void delay (int del)
 121          {
 122   1          while(del--);
 123   1      }
C51 COMPILER V9.51   MAIN                                                                  05/26/2013 18:35:24 PAGE 4   

ASSEMBLY LISTING OF GENERATED OBJECT CODE


             ; FUNCTION main (BEGIN)
                                           ; SOURCE LINE # 15
                                           ; SOURCE LINE # 16
                                           ; SOURCE LINE # 17
0000 E4                CLR     A
0001 F500        R     MOV     a,A
0003 F500        R     MOV     b,A
                                           ; SOURCE LINE # 18
0005 7800        R     MOV     R0,#LOW pattern1
0007 7C00        R     MOV     R4,#HIGH pattern1
0009 FD                MOV     R5,A
000A 7BFF              MOV     R3,#0FFH
000C 7A00        R     MOV     R2,#HIGH _?ix1000
000E 7900        R     MOV     R1,#LOW _?ix1000
0010 FE                MOV     R6,A
0011 7F0C              MOV     R7,#0CH
0013 1100        E     ACALL   ?C?COPY
0015         ?C0003:
                                           ; SOURCE LINE # 20
                                           ; SOURCE LINE # 21
0015 7500F0      R     MOV     led,#0F0H
                                           ; SOURCE LINE # 22
0018 20B244            JB      sw4,?C0004
                                           ; SOURCE LINE # 23
                                           ; SOURCE LINE # 24
001B E4                CLR     A
001C F500        R     MOV     a,A
                                           ; SOURCE LINE # 25
001E F500        R     MOV     b,A
0020         ?C0005:
                                           ; SOURCE LINE # 26
                                           ; SOURCE LINE # 27
0020 7400        R     MOV     A,#LOW pattern1
0022 2500        R     ADD     A,b
0024 F8                MOV     R0,A
0025 E6                MOV     A,@R0
0026 FF                MOV     R7,A
0027 B40106            CJNE    A,#01H,?C0008
                                           ; SOURCE LINE # 28
002A 7500EF      R     MOV     led,#0EFH
                                           ; SOURCE LINE # 29
002D 850090      R     MOV     P1,led
0030         ?C0008:
                                           ; SOURCE LINE # 30
0030 EF                MOV     A,R7
0031 B40206            CJNE    A,#02H,?C0009
                                           ; SOURCE LINE # 31
0034 7500DF      R     MOV     led,#0DFH
                                           ; SOURCE LINE # 32
0037 850090      R     MOV     P1,led
003A         ?C0009:
                                           ; SOURCE LINE # 33
003A EF                MOV     A,R7
003B B40306            CJNE    A,#03H,?C0010
                                           ; SOURCE LINE # 34
003E 7500BF      R     MOV     led,#0BFH
                                           ; SOURCE LINE # 35
0041 850090      R     MOV     P1,led
0044         ?C0010:
C51 COMPILER V9.51   MAIN                                                                  05/26/2013 18:35:24 PAGE 5   

                                           ; SOURCE LINE # 36
0044 EF                MOV     A,R7
0045 B40406            CJNE    A,#04H,?C0011
                                           ; SOURCE LINE # 37
0048 75007F      R     MOV     led,#07FH
                                           ; SOURCE LINE # 38
004B 850090      R     MOV     P1,led
004E         ?C0011:
                                           ; SOURCE LINE # 39
004E 1100        R     ACALL   L?0050
                                           ; SOURCE LINE # 40
0050 0500        R     INC     b
0052 E500        R     MOV     A,b
0054 C3                CLR     C
0055 940C              SUBB    A,#0CH
0057 40C7              JC      ?C0005
0059         ?C0006:
                                           ; SOURCE LINE # 41
0059 7500FF      R     MOV     led,#0FFH
                                           ; SOURCE LINE # 42
005C 850090      R     MOV     P1,led
                                           ; SOURCE LINE # 43
005F         ?C0004:
                                           ; SOURCE LINE # 44
005F 20B311            JB      sw5,?C0012
                                           ; SOURCE LINE # 45
                                           ; SOURCE LINE # 46
0062 E4                CLR     A
0063 F500        R     MOV     b,A
0065         ?C0013:
                                           ; SOURCE LINE # 47
0065 7400        R     MOV     A,#LOW pattern2
0067 2500        R     ADD     A,b
0069 F8                MOV     R0,A
006A E4                CLR     A
006B F6                MOV     @R0,A
006C 0500        R     INC     b
006E E500        R     MOV     A,b
0070 B40CF2            CJNE    A,#0CH,?C0013
                                           ; SOURCE LINE # 48
0073         ?C0012:
                                           ; SOURCE LINE # 50
0073 209014            JB      sw0,?C0016
                                           ; SOURCE LINE # 51
                                           ; SOURCE LINE # 52
0076 7500EF      R     MOV     led,#0EFH
                                           ; SOURCE LINE # 53
0079 850090      R     MOV     P1,led
                                           ; SOURCE LINE # 54
007C 7400        R     MOV     A,#LOW pattern2
007E 2500        R     ADD     A,a
0080 F8                MOV     R0,A
0081 7601              MOV     @R0,#01H
0083 0500        R     INC     a
                                           ; SOURCE LINE # 55
0085 1100        R     ACALL   L?0050
0087         ?C0017:
                                           ; SOURCE LINE # 56
0087 3090FD            JNB     sw0,?C0017
008A         ?C0018:
                                           ; SOURCE LINE # 57
008A         ?C0016:
C51 COMPILER V9.51   MAIN                                                                  05/26/2013 18:35:24 PAGE 6   

                                           ; SOURCE LINE # 59
008A 209114            JB      sw1,?C0019
                                           ; SOURCE LINE # 60
                                           ; SOURCE LINE # 61
008D 7500DF      R     MOV     led,#0DFH
                                           ; SOURCE LINE # 62
0090 850090      R     MOV     P1,led
                                           ; SOURCE LINE # 63
0093 7400        R     MOV     A,#LOW pattern2
0095 2500        R     ADD     A,a
0097 F8                MOV     R0,A
0098 7602              MOV     @R0,#02H
009A 0500        R     INC     a
                                           ; SOURCE LINE # 64
009C 1100        R     ACALL   L?0050
009E         ?C0020:
                                           ; SOURCE LINE # 65
009E 3091FD            JNB     sw1,?C0020
00A1         ?C0021:
                                           ; SOURCE LINE # 66
00A1         ?C0019:
                                           ; SOURCE LINE # 68
00A1 209214            JB      sw2,?C0022
                                           ; SOURCE LINE # 69
                                           ; SOURCE LINE # 70
00A4 7500BF      R     MOV     led,#0BFH
                                           ; SOURCE LINE # 71
00A7 850090      R     MOV     P1,led
                                           ; SOURCE LINE # 72
00AA 7400        R     MOV     A,#LOW pattern2
00AC 2500        R     ADD     A,a
00AE F8                MOV     R0,A
00AF 7603              MOV     @R0,#03H
00B1 0500        R     INC     a
                                           ; SOURCE LINE # 73
00B3 1100        R     ACALL   L?0050
00B5         ?C0023:
                                           ; SOURCE LINE # 74
00B5 3092FD            JNB     sw2,?C0023
00B8         ?C0024:
                                           ; SOURCE LINE # 75
00B8         ?C0022:
                                           ; SOURCE LINE # 78
00B8 209314            JB      sw3,?C0025
                                           ; SOURCE LINE # 79
                                           ; SOURCE LINE # 80
00BB 75007F      R     MOV     led,#07FH
                                           ; SOURCE LINE # 81
00BE 850090      R     MOV     P1,led
                                           ; SOURCE LINE # 82
00C1 7400        R     MOV     A,#LOW pattern2
00C3 2500        R     ADD     A,a
00C5 F8                MOV     R0,A
00C6 7604              MOV     @R0,#04H
00C8 0500        R     INC     a
                                           ; SOURCE LINE # 83
00CA 1100        R     ACALL   L?0050
00CC         ?C0026:
                                           ; SOURCE LINE # 84
00CC 3093FD            JNB     sw3,?C0026
00CF         ?C0027:
                                           ; SOURCE LINE # 85
C51 COMPILER V9.51   MAIN                                                                  05/26/2013 18:35:24 PAGE 7   

00CF         ?C0025:
                                           ; SOURCE LINE # 86
00CF 209104            JB      sw1,?C0029
00D2 7F01              MOV     R7,#01H
00D4 8002              SJMP    ?C0030
00D6         ?C0029:
00D6 7F00              MOV     R7,#00H
00D8         ?C0030:
00D8 209004            JB      sw0,?C0031
00DB 7E01              MOV     R6,#01H
00DD 8002              SJMP    ?C0032
00DF         ?C0031:
00DF 7E00              MOV     R6,#00H
00E1         ?C0032:
00E1 EE                MOV     A,R6
00E2 4F                ORL     A,R7
00E3 FF                MOV     R7,A
00E4 209204            JB      sw2,?C0033
00E7 7E01              MOV     R6,#01H
00E9 8002              SJMP    ?C0034
00EB         ?C0033:
00EB 7E00              MOV     R6,#00H
00ED         ?C0034:
00ED EE                MOV     A,R6
00EE 4F                ORL     A,R7
00EF FF                MOV     R7,A
00F0 209304            JB      sw3,?C0035
00F3 7E01              MOV     R6,#01H
00F5 8002              SJMP    ?C0036
00F7         ?C0035:
00F7 7E00              MOV     R6,#00H
00F9         ?C0036:
00F9 EE                MOV     A,R6
00FA 4F                ORL     A,R7
00FB 7002              JNZ     $ + 4H
00FD 0100        R     AJMP    ?C0003
                                           ; SOURCE LINE # 87
                                           ; SOURCE LINE # 88
00FF 7400        R     MOV     A,#LOW pattern2
0101 2500        R     ADD     A,a
0103 F8                MOV     R0,A
0104 E6                MOV     A,@R0
0105 FF                MOV     R7,A
0106 7400        R     MOV     A,#LOW pattern1
0108 2500        R     ADD     A,a
010A F8                MOV     R0,A
010B E6                MOV     A,@R0
010C 6F                XRL     A,R7
010D 7012              JNZ     ?C0037
                                           ; SOURCE LINE # 89
                                           ; SOURCE LINE # 90
010F 75000B      R     MOV     a,#0BH
                                           ; SOURCE LINE # 91
                                           ; SOURCE LINE # 92
                                           ; SOURCE LINE # 93
                                           ; SOURCE LINE # 94
0112 120000      R     LCALL   L?0048
                                           ; SOURCE LINE # 95
0115 1100        R     ACALL   L?0050
                                           ; SOURCE LINE # 96
0117 1100        R     ACALL   L?0050
                                           ; SOURCE LINE # 97
C51 COMPILER V9.51   MAIN                                                                  05/26/2013 18:35:24 PAGE 8   

0119 1100        R     ACALL   L?0050
                                           ; SOURCE LINE # 98
011B 1100        R     ACALL   L?0050
                                           ; SOURCE LINE # 99
011D 1100        R     ACALL   L?0050
                                           ; SOURCE LINE # 100
                                           ; SOURCE LINE # 102
011F 0100        R     AJMP    ?C0003
0121         ?C0037:
                                           ; SOURCE LINE # 104
0121 E4                CLR     A
0122 F500        R     MOV     b,A
0124         ?C0040:
0124 E500        R     MOV     A,b
0126 C3                CLR     C
0127 9404              SUBB    A,#04H
0129 4002              JC      $ + 4H
012B 0100        R     AJMP    ?C0003
                                           ; SOURCE LINE # 105
                                           ; SOURCE LINE # 106
                                           ; SOURCE LINE # 107
                                           ; SOURCE LINE # 108
012D 120000      R     LCALL   L?0048
                                           ; SOURCE LINE # 109
0130 7500FF      R     MOV     led,#0FFH
                                           ; SOURCE LINE # 110
                                           ; SOURCE LINE # 111
0133 1100        R     ACALL   L?0049
                                           ; SOURCE LINE # 112
0135 E4                CLR     A
0136 F500        R     MOV     a,A
                                           ; SOURCE LINE # 113
0138 0500        R     INC     b
013A 80E8              SJMP    ?C0040
             ; FUNCTION main (END)

             ; FUNCTION L?0048 (BEGIN)
0000 75000F      R     MOV     led,#0FH
0003         L?0049:
0003 850090      R     MOV     P1,led
0006         L?0050:
0006 7F30              MOV     R7,#030H
0008 7E75              MOV     R6,#075H
             ; FUNCTION _delay (BEGIN)
                                           ; SOURCE LINE # 120
;---- Variable 'del' assigned to Register 'R6/R7' ----
                                           ; SOURCE LINE # 121
000A         ?C0044:
                                           ; SOURCE LINE # 122
000A EF                MOV     A,R7
000B 1F                DEC     R7
000C AC06              MOV     R4,AR6
000E 7001              JNZ     ?C0047
0010 1E                DEC     R6
0011         ?C0047:
0011 4C                ORL     A,R4
0012 70F6              JNZ     ?C0044
0014         ?C0045:
                                           ; SOURCE LINE # 123
0014         ?C0046:
0014 22                RET     
             ; FUNCTION _delay (END)
C51 COMPILER V9.51   MAIN                                                                  05/26/2013 18:35:24 PAGE 9   




MODULE INFORMATION:   STATIC OVERLAYABLE
   CODE SIZE        =    337    ----
   CONSTANT SIZE    =     12    ----
   XDATA SIZE       =   ----    ----
   PDATA SIZE       =   ----    ----
   DATA SIZE        =   ----      28
   IDATA SIZE       =   ----    ----
   BIT SIZE         =   ----    ----
END OF MODULE INFORMATION.


C51 COMPILATION COMPLETE.  2 WARNING(S),  0 ERROR(S)
